<?xml version="1.0" encoding="utf-8"?><testsuites name="pytest tests"><testsuite name="pytest" errors="0" failures="0" skipped="0" tests="13" time="8.840" timestamp="2026-04-23T20:38:16.655967+00:00" hostname="agent-env-793f7eaf-0720-4fd2-8b3f-79fd39415527"><testcase classname="backend.tests.test_v2_credit_scoring.TestHealth" name="test_backend_reachable" time="0.242" /><testcase classname="backend.tests.test_v2_credit_scoring.TestLoanApplyV2Schema" name="test_apply_returns_v2_schema_happy_path" time="1.079" /><testcase classname="backend.tests.test_v2_credit_scoring.TestLoanApplyV2Schema" name="test_personal_guarantee_false_reflected" time="0.718" /><testcase classname="backend.tests.test_v2_credit_scoring.TestAutoReject" name="test_revenue_too_low" time="0.501" /><testcase classname="backend.tests.test_v2_credit_scoring.TestAutoReject" name="test_insufficient_history" time="0.608" /><testcase classname="backend.tests.test_v2_credit_scoring.TestAutoReject" name="test_credit_score_too_low" time="0.574" /><testcase classname="backend.tests.test_v2_credit_scoring.TestAutoReject" name="test_loan_too_large" time="0.627" /><testcase classname="backend.tests.test_v2_credit_scoring.TestGradeTiers" name="test_grade_a_high_quality" time="0.625" /><testcase classname="backend.tests.test_v2_credit_scoring.TestGradeTiers" name="test_grade_b_medium" time="0.645" /><testcase classname="backend.tests.test_v2_credit_scoring.TestGradeTiers" name="test_grade_c_lower" time="0.625" /><testcase classname="backend.tests.test_v2_credit_scoring.TestReserveFundAndAnalytics" name="test_reserve_fund_increment_and_analytics" time="1.016" /><testcase classname="backend.tests.test_v2_credit_scoring.TestReserveFundAndAnalytics" name="test_rejected_loan_does_not_contribute" time="0.832" /><testcase classname="backend.tests.test_v2_credit_scoring.TestAdminApplications" name="test_applications_contain_v2_credit_score" time="0.697" /></testsuite></testsuites>