<?xml version="1.0" encoding="utf-8"?><testsuites name="pytest tests"><testsuite name="pytest" errors="0" failures="0" skipped="0" tests="7" time="4.507" timestamp="2026-04-23T21:06:05.124640+00:00" hostname="agent-env-793f7eaf-0720-4fd2-8b3f-79fd39415527"><testcase classname="backend.tests.test_v2_admin_review.TestAnalyticsDataSourceAdoption" name="test_data_source_adoption_keys_present" time="0.549" /><testcase classname="backend.tests.test_v2_admin_review.TestAnalyticsDataSourceAdoption" name="test_data_source_adoption_sums_roughly_100" time="0.130" /><testcase classname="backend.tests.test_v2_admin_review.TestGetLoanDetail" name="test_get_loan_returns_loan_and_credit_score" time="0.879" /><testcase classname="backend.tests.test_v2_admin_review.TestAdminRequestInfo" name="test_request_info_persists_status_and_note" time="0.667" /><testcase classname="backend.tests.test_v2_admin_review.TestAdminRequestInfo" name="test_request_info_without_note_still_updates_status" time="0.733" /><testcase classname="backend.tests.test_v2_admin_review.TestAdminRejectWithNote" name="test_reject_persists_status_and_note" time="0.754" /><testcase classname="backend.tests.test_v2_admin_review.TestAdminRejectWithNote" name="test_reject_without_note_backward_compat" time="0.760" /></testsuite></testsuites>